0	0	/projects/reverse-image-search/evaluation/confusion/data/household/train/breaker_box/eYzj9hty1Q4-0025.jpg
1	0	/projects/reverse-image-search/evaluation/confusion/data/household/train/breaker_box/eYzj9hty1Q4-0024.jpg
2	0	/projects/reverse-image-search/evaluation/confusion/data/household/train/breaker_box/eYzj9hty1Q4-0021.jpg
3	0	/projects/reverse-image-search/evaluation/confusion/data/household/train/breaker_box/eYzj9hty1Q4-0017.jpg
4	0	/projects/reverse-image-search/evaluation/confusion/data/household/train/breaker_box/eYzj9hty1Q4-0078.jpg
5	0	/projects/reverse-image-search/evaluation/confusion/data/household/train/breaker_box/eYzj9hty1Q4-0036.jpg
6	0	/projects/reverse-image-search/evaluation/confusion/data/household/train/breaker_box/eYzj9hty1Q4-0055.jpg
7	0	/projects/reverse-image-search/evaluation/confusion/data/household/train/breaker_box/eYzj9hty1Q4-0008.jpg
8	0	/projects/reverse-image-search/evaluation/confusion/data/household/train/breaker_box/eYzj9hty1Q4-0032.jpg
9	0	/projects/reverse-image-search/evaluation/confusion/data/household/train/breaker_box/eYzj9hty1Q4-0043.jpg
10	0	/projects/reverse-image-search/evaluation/confusion/data/household/train/breaker_box/eYzj9hty1Q4-0009.jpg
11	0	/projects/reverse-image-search/evaluation/confusion/data/household/train/breaker_box/eYzj9hty1Q4-0034.jpg
12	0	/projects/reverse-image-search/evaluation/confusion/data/household/train/breaker_box/eYzj9hty1Q4-0039.jpg
13	0	/projects/reverse-image-search/evaluation/confusion/data/household/train/breaker_box/eYzj9hty1Q4-0052.jpg
14	0	/projects/reverse-image-search/evaluation/confusion/data/household/train/breaker_box/eYzj9hty1Q4-0016.jpg
15	0	/projects/reverse-image-search/evaluation/confusion/data/household/train/breaker_box/eYzj9hty1Q4-0001.jpg
16	0	/projects/reverse-image-search/evaluation/confusion/data/household/train/breaker_box/eYzj9hty1Q4-0044.jpg
17	0	/projects/reverse-image-search/evaluation/confusion/data/household/train/breaker_box/eYzj9hty1Q4-0048.jpg
18	0	/projects/reverse-image-search/evaluation/confusion/data/household/train/breaker_box/eYzj9hty1Q4-0041.jpg
19	0	/projects/reverse-image-search/evaluation/confusion/data/household/train/breaker_box/eYzj9hty1Q4-0073.jpg
20	0	/projects/reverse-image-search/evaluation/confusion/data/household/train/breaker_box/eYzj9hty1Q4-0012.jpg
21	0	/projects/reverse-image-search/evaluation/confusion/data/household/train/breaker_box/eYzj9hty1Q4-0060.jpg
22	0	/projects/reverse-image-search/evaluation/confusion/data/household/train/breaker_box/eYzj9hty1Q4-0027.jpg
23	0	/projects/reverse-image-search/evaluation/confusion/data/household/train/breaker_box/eYzj9hty1Q4-0076.jpg
24	0	/projects/reverse-image-search/evaluation/confusion/data/household/train/breaker_box/eYzj9hty1Q4-0067.jpg
25	0	/projects/reverse-image-search/evaluation/confusion/data/household/train/breaker_box/eYzj9hty1Q4-0020.jpg
26	0	/projects/reverse-image-search/evaluation/confusion/data/household/train/breaker_box/eYzj9hty1Q4-0050.jpg
27	0	/projects/reverse-image-search/evaluation/confusion/data/household/train/breaker_box/eYzj9hty1Q4-0070.jpg
28	0	/projects/reverse-image-search/evaluation/confusion/data/household/train/breaker_box/eYzj9hty1Q4-0033.jpg
29	0	/projects/reverse-image-search/evaluation/confusion/data/household/train/breaker_box/eYzj9hty1Q4-0029.jpg
30	0	/projects/reverse-image-search/evaluation/confusion/data/household/train/breaker_box/eYzj9hty1Q4-0057.jpg
31	0	/projects/reverse-image-search/evaluation/confusion/data/household/train/breaker_box/eYzj9hty1Q4-0071.jpg
32	0	/projects/reverse-image-search/evaluation/confusion/data/household/train/breaker_box/eYzj9hty1Q4-0061.jpg
33	0	/projects/reverse-image-search/evaluation/confusion/data/household/train/breaker_box/eYzj9hty1Q4-0002.jpg
34	0	/projects/reverse-image-search/evaluation/confusion/data/household/train/breaker_box/eYzj9hty1Q4-0065.jpg
35	0	/projects/reverse-image-search/evaluation/confusion/data/household/train/breaker_box/eYzj9hty1Q4-0028.jpg
36	0	/projects/reverse-image-search/evaluation/confusion/data/household/train/breaker_box/eYzj9hty1Q4-0054.jpg
37	0	/projects/reverse-image-search/evaluation/confusion/data/household/train/breaker_box/eYzj9hty1Q4-0014.jpg
38	0	/projects/reverse-image-search/evaluation/confusion/data/household/train/breaker_box/eYzj9hty1Q4-0035.jpg
39	0	/projects/reverse-image-search/evaluation/confusion/data/household/train/breaker_box/eYzj9hty1Q4-0040.jpg
40	0	/projects/reverse-image-search/evaluation/confusion/data/household/train/breaker_box/eYzj9hty1Q4-0053.jpg
41	0	/projects/reverse-image-search/evaluation/confusion/data/household/train/breaker_box/eYzj9hty1Q4-0022.jpg
42	0	/projects/reverse-image-search/evaluation/confusion/data/household/train/breaker_box/eYzj9hty1Q4-0030.jpg
43	0	/projects/reverse-image-search/evaluation/confusion/data/household/train/breaker_box/eYzj9hty1Q4-0004.jpg
44	0	/projects/reverse-image-search/evaluation/confusion/data/household/train/breaker_box/eYzj9hty1Q4-0064.jpg
45	0	/projects/reverse-image-search/evaluation/confusion/data/household/train/breaker_box/eYzj9hty1Q4-0019.jpg
46	0	/projects/reverse-image-search/evaluation/confusion/data/household/train/breaker_box/eYzj9hty1Q4-0042.jpg
47	0	/projects/reverse-image-search/evaluation/confusion/data/household/train/breaker_box/eYzj9hty1Q4-0037.jpg
48	0	/projects/reverse-image-search/evaluation/confusion/data/household/train/breaker_box/eYzj9hty1Q4-0023.jpg
49	0	/projects/reverse-image-search/evaluation/confusion/data/household/train/breaker_box/eYzj9hty1Q4-0018.jpg
50	0	/projects/reverse-image-search/evaluation/confusion/data/household/train/breaker_box/eYzj9hty1Q4-0047.jpg
51	0	/projects/reverse-image-search/evaluation/confusion/data/household/train/breaker_box/eYzj9hty1Q4-0056.jpg
52	0	/projects/reverse-image-search/evaluation/confusion/data/household/train/breaker_box/eYzj9hty1Q4-0058.jpg
53	0	/projects/reverse-image-search/evaluation/confusion/data/household/train/breaker_box/eYzj9hty1Q4-0046.jpg
54	0	/projects/reverse-image-search/evaluation/confusion/data/household/train/breaker_box/eYzj9hty1Q4-0005.jpg
55	0	/projects/reverse-image-search/evaluation/confusion/data/household/train/breaker_box/eYzj9hty1Q4-0011.jpg
56	0	/projects/reverse-image-search/evaluation/confusion/data/household/train/breaker_box/eYzj9hty1Q4-0075.jpg
57	0	/projects/reverse-image-search/evaluation/confusion/data/household/train/breaker_box/eYzj9hty1Q4-0049.jpg
58	0	/projects/reverse-image-search/evaluation/confusion/data/household/train/breaker_box/eYzj9hty1Q4-0013.jpg
59	0	/projects/reverse-image-search/evaluation/confusion/data/household/train/breaker_box/eYzj9hty1Q4-0031.jpg
60	0	/projects/reverse-image-search/evaluation/confusion/data/household/train/breaker_box/eYzj9hty1Q4-0006.jpg
61	0	/projects/reverse-image-search/evaluation/confusion/data/household/train/breaker_box/eYzj9hty1Q4-0051.jpg
62	1	/projects/reverse-image-search/evaluation/confusion/data/household/train/sump_pump/YJ4d-nOf7cI-0086.jpg
63	1	/projects/reverse-image-search/evaluation/confusion/data/household/train/sump_pump/YJ4d-nOf7cI-0120.jpg
64	1	/projects/reverse-image-search/evaluation/confusion/data/household/train/sump_pump/YJ4d-nOf7cI-0119.jpg
65	1	/projects/reverse-image-search/evaluation/confusion/data/household/train/sump_pump/YJ4d-nOf7cI-0135.jpg
66	1	/projects/reverse-image-search/evaluation/confusion/data/household/train/sump_pump/YJ4d-nOf7cI-0010.jpg
67	1	/projects/reverse-image-search/evaluation/confusion/data/household/train/sump_pump/YJ4d-nOf7cI-0033.jpg
68	1	/projects/reverse-image-search/evaluation/confusion/data/household/train/sump_pump/YJ4d-nOf7cI-0016.jpg
69	1	/projects/reverse-image-search/evaluation/confusion/data/household/train/sump_pump/YJ4d-nOf7cI-0044.jpg
70	1	/projects/reverse-image-search/evaluation/confusion/data/household/train/sump_pump/YJ4d-nOf7cI-0074.jpg
71	1	/projects/reverse-image-search/evaluation/confusion/data/household/train/sump_pump/YJ4d-nOf7cI-0076.jpg
72	1	/projects/reverse-image-search/evaluation/confusion/data/household/train/sump_pump/YJ4d-nOf7cI-0137.jpg
73	1	/projects/reverse-image-search/evaluation/confusion/data/household/train/sump_pump/YJ4d-nOf7cI-0126.jpg
74	1	/projects/reverse-image-search/evaluation/confusion/data/household/train/sump_pump/YJ4d-nOf7cI-0127.jpg
75	1	/projects/reverse-image-search/evaluation/confusion/data/household/train/sump_pump/YJ4d-nOf7cI-0059.jpg
76	1	/projects/reverse-image-search/evaluation/confusion/data/household/train/sump_pump/YJ4d-nOf7cI-0084.jpg
77	1	/projects/reverse-image-search/evaluation/confusion/data/household/train/sump_pump/YJ4d-nOf7cI-0051.jpg
78	1	/projects/reverse-image-search/evaluation/confusion/data/household/train/sump_pump/YJ4d-nOf7cI-0069.jpg
79	1	/projects/reverse-image-search/evaluation/confusion/data/household/train/sump_pump/YJ4d-nOf7cI-0139.jpg
80	1	/projects/reverse-image-search/evaluation/confusion/data/household/train/sump_pump/YJ4d-nOf7cI-0099.jpg
81	1	/projects/reverse-image-search/evaluation/confusion/data/household/train/sump_pump/YJ4d-nOf7cI-0140.jpg
82	1	/projects/reverse-image-search/evaluation/confusion/data/household/train/sump_pump/YJ4d-nOf7cI-0075.jpg
83	1	/projects/reverse-image-search/evaluation/confusion/data/household/train/sump_pump/YJ4d-nOf7cI-0132.jpg
84	1	/projects/reverse-image-search/evaluation/confusion/data/household/train/sump_pump/YJ4d-nOf7cI-0063.jpg
85	1	/projects/reverse-image-search/evaluation/confusion/data/household/train/sump_pump/YJ4d-nOf7cI-0123.jpg
86	1	/projects/reverse-image-search/evaluation/confusion/data/household/train/sump_pump/YJ4d-nOf7cI-0025.jpg
87	1	/projects/reverse-image-search/evaluation/confusion/data/household/train/sump_pump/YJ4d-nOf7cI-0011.jpg
88	1	/projects/reverse-image-search/evaluation/confusion/data/household/train/sump_pump/YJ4d-nOf7cI-0083.jpg
89	1	/projects/reverse-image-search/evaluation/confusion/data/household/train/sump_pump/YJ4d-nOf7cI-0038.jpg
90	1	/projects/reverse-image-search/evaluation/confusion/data/household/train/sump_pump/YJ4d-nOf7cI-0022.jpg
91	1	/projects/reverse-image-search/evaluation/confusion/data/household/train/sump_pump/YJ4d-nOf7cI-0045.jpg
92	1	/projects/reverse-image-search/evaluation/confusion/data/household/train/sump_pump/YJ4d-nOf7cI-0056.jpg
93	1	/projects/reverse-image-search/evaluation/confusion/data/household/train/sump_pump/YJ4d-nOf7cI-0094.jpg
94	1	/projects/reverse-image-search/evaluation/confusion/data/household/train/sump_pump/YJ4d-nOf7cI-0002.jpg
95	1	/projects/reverse-image-search/evaluation/confusion/data/household/train/sump_pump/YJ4d-nOf7cI-0081.jpg
96	1	/projects/reverse-image-search/evaluation/confusion/data/household/train/sump_pump/YJ4d-nOf7cI-0141.jpg
97	1	/projects/reverse-image-search/evaluation/confusion/data/household/train/sump_pump/YJ4d-nOf7cI-0034.jpg
98	1	/projects/reverse-image-search/evaluation/confusion/data/household/train/sump_pump/YJ4d-nOf7cI-0013.jpg
99	1	/projects/reverse-image-search/evaluation/confusion/data/household/train/sump_pump/YJ4d-nOf7cI-0116.jpg
100	1	/projects/reverse-image-search/evaluation/confusion/data/household/train/sump_pump/YJ4d-nOf7cI-0110.jpg
101	1	/projects/reverse-image-search/evaluation/confusion/data/household/train/sump_pump/YJ4d-nOf7cI-0115.jpg
102	1	/projects/reverse-image-search/evaluation/confusion/data/household/train/sump_pump/YJ4d-nOf7cI-0095.jpg
103	1	/projects/reverse-image-search/evaluation/confusion/data/household/train/sump_pump/YJ4d-nOf7cI-0040.jpg
104	1	/projects/reverse-image-search/evaluation/confusion/data/household/train/sump_pump/YJ4d-nOf7cI-0031.jpg
105	1	/projects/reverse-image-search/evaluation/confusion/data/household/train/sump_pump/YJ4d-nOf7cI-0037.jpg
106	1	/projects/reverse-image-search/evaluation/confusion/data/household/train/sump_pump/YJ4d-nOf7cI-0131.jpg
107	1	/projects/reverse-image-search/evaluation/confusion/data/household/train/sump_pump/YJ4d-nOf7cI-0117.jpg
108	1	/projects/reverse-image-search/evaluation/confusion/data/household/train/sump_pump/YJ4d-nOf7cI-0032.jpg
109	1	/projects/reverse-image-search/evaluation/confusion/data/household/train/sump_pump/YJ4d-nOf7cI-0072.jpg
110	1	/projects/reverse-image-search/evaluation/confusion/data/household/train/sump_pump/YJ4d-nOf7cI-0050.jpg
111	1	/projects/reverse-image-search/evaluation/confusion/data/household/train/sump_pump/YJ4d-nOf7cI-0122.jpg
112	1	/projects/reverse-image-search/evaluation/confusion/data/household/train/sump_pump/YJ4d-nOf7cI-0088.jpg
113	1	/projects/reverse-image-search/evaluation/confusion/data/household/train/sump_pump/YJ4d-nOf7cI-0143.jpg
114	1	/projects/reverse-image-search/evaluation/confusion/data/household/train/sump_pump/YJ4d-nOf7cI-0144.jpg
115	1	/projects/reverse-image-search/evaluation/confusion/data/household/train/sump_pump/YJ4d-nOf7cI-0107.jpg
116	1	/projects/reverse-image-search/evaluation/confusion/data/household/train/sump_pump/YJ4d-nOf7cI-0089.jpg
117	1	/projects/reverse-image-search/evaluation/confusion/data/household/train/sump_pump/YJ4d-nOf7cI-0055.jpg
118	1	/projects/reverse-image-search/evaluation/confusion/data/household/train/sump_pump/YJ4d-nOf7cI-0082.jpg
119	1	/projects/reverse-image-search/evaluation/confusion/data/household/train/sump_pump/YJ4d-nOf7cI-0052.jpg
120	1	/projects/reverse-image-search/evaluation/confusion/data/household/train/sump_pump/YJ4d-nOf7cI-0024.jpg
121	1	/projects/reverse-image-search/evaluation/confusion/data/household/train/sump_pump/YJ4d-nOf7cI-0001.jpg
122	1	/projects/reverse-image-search/evaluation/confusion/data/household/train/sump_pump/YJ4d-nOf7cI-0109.jpg
123	1	/projects/reverse-image-search/evaluation/confusion/data/household/train/sump_pump/YJ4d-nOf7cI-0128.jpg
124	2	/projects/reverse-image-search/evaluation/confusion/data/household/train/washer/0_1xQLGeGl8-0121.jpg
125	2	/projects/reverse-image-search/evaluation/confusion/data/household/train/washer/0_1xQLGeGl8-0094.jpg
126	2	/projects/reverse-image-search/evaluation/confusion/data/household/train/washer/0_1xQLGeGl8-0106.jpg
127	2	/projects/reverse-image-search/evaluation/confusion/data/household/train/washer/0_1xQLGeGl8-0120.jpg
128	2	/projects/reverse-image-search/evaluation/confusion/data/household/train/washer/0_1xQLGeGl8-0001.jpg
129	2	/projects/reverse-image-search/evaluation/confusion/data/household/train/washer/0_1xQLGeGl8-0103.jpg
130	2	/projects/reverse-image-search/evaluation/confusion/data/household/train/washer/0_1xQLGeGl8-0157.jpg
131	2	/projects/reverse-image-search/evaluation/confusion/data/household/train/washer/0_1xQLGeGl8-0029.jpg
132	2	/projects/reverse-image-search/evaluation/confusion/data/household/train/washer/0_1xQLGeGl8-0014.jpg
133	2	/projects/reverse-image-search/evaluation/confusion/data/household/train/washer/0_1xQLGeGl8-0002.jpg
134	2	/projects/reverse-image-search/evaluation/confusion/data/household/train/washer/0_1xQLGeGl8-0068.jpg
135	2	/projects/reverse-image-search/evaluation/confusion/data/household/train/washer/0_1xQLGeGl8-0036.jpg
136	2	/projects/reverse-image-search/evaluation/confusion/data/household/train/washer/0_1xQLGeGl8-0126.jpg
137	2	/projects/reverse-image-search/evaluation/confusion/data/household/train/washer/0_1xQLGeGl8-0084.jpg
138	2	/projects/reverse-image-search/evaluation/confusion/data/household/train/washer/0_1xQLGeGl8-0080.jpg
139	2	/projects/reverse-image-search/evaluation/confusion/data/household/train/washer/0_1xQLGeGl8-0089.jpg
140	2	/projects/reverse-image-search/evaluation/confusion/data/household/train/washer/0_1xQLGeGl8-0117.jpg
141	2	/projects/reverse-image-search/evaluation/confusion/data/household/train/washer/0_1xQLGeGl8-0059.jpg
142	2	/projects/reverse-image-search/evaluation/confusion/data/household/train/washer/0_1xQLGeGl8-0153.jpg
143	2	/projects/reverse-image-search/evaluation/confusion/data/household/train/washer/0_1xQLGeGl8-0130.jpg
144	2	/projects/reverse-image-search/evaluation/confusion/data/household/train/washer/0_1xQLGeGl8-0092.jpg
145	2	/projects/reverse-image-search/evaluation/confusion/data/household/train/washer/0_1xQLGeGl8-0115.jpg
146	2	/projects/reverse-image-search/evaluation/confusion/data/household/train/washer/0_1xQLGeGl8-0034.jpg
147	2	/projects/reverse-image-search/evaluation/confusion/data/household/train/washer/0_1xQLGeGl8-0038.jpg
148	2	/projects/reverse-image-search/evaluation/confusion/data/household/train/washer/0_1xQLGeGl8-0067.jpg
149	2	/projects/reverse-image-search/evaluation/confusion/data/household/train/washer/0_1xQLGeGl8-0005.jpg
150	2	/projects/reverse-image-search/evaluation/confusion/data/household/train/washer/0_1xQLGeGl8-0037.jpg
151	2	/projects/reverse-image-search/evaluation/confusion/data/household/train/washer/0_1xQLGeGl8-0135.jpg
152	2	/projects/reverse-image-search/evaluation/confusion/data/household/train/washer/0_1xQLGeGl8-0087.jpg
153	2	/projects/reverse-image-search/evaluation/confusion/data/household/train/washer/0_1xQLGeGl8-0072.jpg
154	2	/projects/reverse-image-search/evaluation/confusion/data/household/train/washer/0_1xQLGeGl8-0027.jpg
155	2	/projects/reverse-image-search/evaluation/confusion/data/household/train/washer/0_1xQLGeGl8-0140.jpg
156	2	/projects/reverse-image-search/evaluation/confusion/data/household/train/washer/0_1xQLGeGl8-0048.jpg
157	2	/projects/reverse-image-search/evaluation/confusion/data/household/train/washer/0_1xQLGeGl8-0144.jpg
158	2	/projects/reverse-image-search/evaluation/confusion/data/household/train/washer/0_1xQLGeGl8-0042.jpg
159	2	/projects/reverse-image-search/evaluation/confusion/data/household/train/washer/0_1xQLGeGl8-0058.jpg
160	2	/projects/reverse-image-search/evaluation/confusion/data/household/train/washer/0_1xQLGeGl8-0028.jpg
161	2	/projects/reverse-image-search/evaluation/confusion/data/household/train/washer/0_1xQLGeGl8-0047.jpg
162	2	/projects/reverse-image-search/evaluation/confusion/data/household/train/washer/0_1xQLGeGl8-0129.jpg
163	2	/projects/reverse-image-search/evaluation/confusion/data/household/train/washer/0_1xQLGeGl8-0073.jpg
164	2	/projects/reverse-image-search/evaluation/confusion/data/household/train/washer/0_1xQLGeGl8-0041.jpg
165	2	/projects/reverse-image-search/evaluation/confusion/data/household/train/washer/0_1xQLGeGl8-0021.jpg
166	2	/projects/reverse-image-search/evaluation/confusion/data/household/train/washer/0_1xQLGeGl8-0031.jpg
167	2	/projects/reverse-image-search/evaluation/confusion/data/household/train/washer/0_1xQLGeGl8-0110.jpg
168	2	/projects/reverse-image-search/evaluation/confusion/data/household/train/washer/0_1xQLGeGl8-0137.jpg
169	2	/projects/reverse-image-search/evaluation/confusion/data/household/train/washer/0_1xQLGeGl8-0139.jpg
170	2	/projects/reverse-image-search/evaluation/confusion/data/household/train/washer/0_1xQLGeGl8-0020.jpg
171	2	/projects/reverse-image-search/evaluation/confusion/data/household/train/washer/0_1xQLGeGl8-0100.jpg
172	2	/projects/reverse-image-search/evaluation/confusion/data/household/train/washer/0_1xQLGeGl8-0052.jpg
173	2	/projects/reverse-image-search/evaluation/confusion/data/household/train/washer/0_1xQLGeGl8-0071.jpg
174	2	/projects/reverse-image-search/evaluation/confusion/data/household/train/washer/0_1xQLGeGl8-0102.jpg
175	2	/projects/reverse-image-search/evaluation/confusion/data/household/train/washer/0_1xQLGeGl8-0122.jpg
176	2	/projects/reverse-image-search/evaluation/confusion/data/household/train/washer/0_1xQLGeGl8-0113.jpg
177	2	/projects/reverse-image-search/evaluation/confusion/data/household/train/washer/0_1xQLGeGl8-0081.jpg
178	2	/projects/reverse-image-search/evaluation/confusion/data/household/train/washer/0_1xQLGeGl8-0088.jpg
179	2	/projects/reverse-image-search/evaluation/confusion/data/household/train/washer/0_1xQLGeGl8-0009.jpg
180	2	/projects/reverse-image-search/evaluation/confusion/data/household/train/washer/0_1xQLGeGl8-0040.jpg
181	2	/projects/reverse-image-search/evaluation/confusion/data/household/train/washer/0_1xQLGeGl8-0023.jpg
182	2	/projects/reverse-image-search/evaluation/confusion/data/household/train/washer/0_1xQLGeGl8-0050.jpg
183	2	/projects/reverse-image-search/evaluation/confusion/data/household/train/washer/0_1xQLGeGl8-0127.jpg
184	2	/projects/reverse-image-search/evaluation/confusion/data/household/train/washer/0_1xQLGeGl8-0119.jpg
185	2	/projects/reverse-image-search/evaluation/confusion/data/household/train/washer/0_1xQLGeGl8-0074.jpg
